2010-11-08 16:04:12 Debug: Notice (1024): Please change the value of 'Security.salt' in app/config/core.php to a salt value specific to your application in [F:\Program Files\xampplite\htdocs\cakephp\cake\libs\debugger.php, line 684]
2010-11-08 16:04:12 Debug: Notice (1024): Please change the value of 'Security.cipherSeed' in app/config/core.php to a numeric (digits only) seed value specific to your application in [F:\Program Files\xampplite\htdocs\cakephp\cake\libs\debugger.php, line 688]
2010-11-08 16:10:28 Debug: Notice (1024): Please change the value of 'Security.salt' in app/config/core.php to a salt value specific to your application in [F:\Program Files\xampplite\htdocs\cakephp\cake\libs\debugger.php, line 684]
2010-11-08 16:10:28 Debug: Notice (1024): Please change the value of 'Security.cipherSeed' in app/config/core.php to a numeric (digits only) seed value specific to your application in [F:\Program Files\xampplite\htdocs\cakephp\cake\libs\debugger.php, line 688]
2010-11-11 05:56:29 Debug: Notice (1024): Please change the value of 'Security.salt' in app/config/core.php to a salt value specific to your application in [F:\Program Files\xampplite\htdocs\cakephp\cake\libs\debugger.php, line 684]
2010-11-11 05:56:29 Debug: Notice (1024): Please change the value of 'Security.cipherSeed' in app/config/core.php to a numeric (digits only) seed value specific to your application in [F:\Program Files\xampplite\htdocs\cakephp\cake\libs\debugger.php, line 688]
2010-11-11 06:02:04 Debug: Notice (1024): Please change the value of 'Security.salt' in app/config/core.php to a salt value specific to your application in [F:\Program Files\xampplite\htdocs\cakephp\cake\libs\debugger.php, line 684]
2010-11-11 06:02:04 Debug: Notice (1024): Please change the value of 'Security.cipherSeed' in app/config/core.php to a numeric (digits only) seed value specific to your application in [F:\Program Files\xampplite\htdocs\cakephp\cake\libs\debugger.php, line 688]
2010-11-11 06:02:08 Debug: Notice (1024): Please change the value of 'Security.salt' in app/config/core.php to a salt value specific to your application in [F:\Program Files\xampplite\htdocs\cakephp\cake\libs\debugger.php, line 684]
2010-11-11 06:02:08 Debug: Notice (1024): Please change the value of 'Security.cipherSeed' in app/config/core.php to a numeric (digits only) seed value specific to your application in [F:\Program Files\xampplite\htdocs\cakephp\cake\libs\debugger.php, line 688]
2010-11-11 06:03:18 Debug: Notice (1024): Please change the value of 'Security.salt' in app/config/core.php to a salt value specific to your application in [F:\Program Files\xampplite\htdocs\cakephp\cake\libs\debugger.php, line 684]
2010-11-11 06:03:18 Debug: Notice (1024): Please change the value of 'Security.cipherSeed' in app/config/core.php to a numeric (digits only) seed value specific to your application in [F:\Program Files\xampplite\htdocs\cakephp\cake\libs\debugger.php, line 688]
2010-11-11 06:03:21 Debug: Notice (1024): Please change the value of 'Security.salt' in app/config/core.php to a salt value specific to your application in [F:\Program Files\xampplite\htdocs\cakephp\cake\libs\debugger.php, line 684]
2010-11-11 06:03:21 Debug: Notice (1024): Please change the value of 'Security.cipherSeed' in app/config/core.php to a numeric (digits only) seed value specific to your application in [F:\Program Files\xampplite\htdocs\cakephp\cake\libs\debugger.php, line 688]
2010-11-11 06:16:40 Debug: Notice (1024): Please change the value of 'Security.salt' in app/config/core.php to a salt value specific to your application in [F:\Program Files\xampplite\htdocs\cakephp\cake\libs\debugger.php, line 684]
2010-11-11 06:16:40 Debug: Notice (1024): Please change the value of 'Security.cipherSeed' in app/config/core.php to a numeric (digits only) seed value specific to your application in [F:\Program Files\xampplite\htdocs\cakephp\cake\libs\debugger.php, line 688]
2010-11-11 06:16:43 Debug: Notice (1024): Please change the value of 'Security.salt' in app/config/core.php to a salt value specific to your application in [F:\Program Files\xampplite\htdocs\cakephp\cake\libs\debugger.php, line 684]
2010-11-11 06:16:43 Debug: Notice (1024): Please change the value of 'Security.cipherSeed' in app/config/core.php to a numeric (digits only) seed value specific to your application in [F:\Program Files\xampplite\htdocs\cakephp\cake\libs\debugger.php, line 688]
2010-11-11 06:18:42 Debug: Notice (1024): Please change the value of 'Security.salt' in app/config/core.php to a salt value specific to your application in [F:\Program Files\xampplite\htdocs\cakephp\cake\libs\debugger.php, line 684]
2010-11-11 06:18:42 Debug: Notice (1024): Please change the value of 'Security.cipherSeed' in app/config/core.php to a numeric (digits only) seed value specific to your application in [F:\Program Files\xampplite\htdocs\cakephp\cake\libs\debugger.php, line 688]
2010-11-21 12:53:12 Debug: Notice (1024): Please change the value of 'Security.salt' in app/config/core.php to a salt value specific to your application in [F:\Program Files\xampplite\htdocs\cakephp\cake\libs\debugger.php, line 684]
2010-11-21 12:53:12 Debug: Notice (1024): Please change the value of 'Security.cipherSeed' in app/config/core.php to a numeric (digits only) seed value specific to your application in [F:\Program Files\xampplite\htdocs\cakephp\cake\libs\debugger.php, line 688]
2010-12-01 09:41:28 Debug: Notice (1024): Please change the value of 'Security.salt' in app/config/core.php to a salt value specific to your application in [F:\Program Files\xampplite\htdocs\cakephp\cake\libs\debugger.php, line 684]
2010-12-01 09:41:28 Debug: Notice (1024): Please change the value of 'Security.cipherSeed' in app/config/core.php to a numeric (digits only) seed value specific to your application in [F:\Program Files\xampplite\htdocs\cakephp\cake\libs\debugger.php, line 688]
2010-12-01 13:12:07 Debug: Notice (8): Undefined variable: post in [F:\Program Files\xampplite\htdocs\cakephp\app\views\posts\view.ctp, line 3]
2010-12-01 13:12:07 Debug: Notice (8): Undefined variable: post in [F:\Program Files\xampplite\htdocs\cakephp\app\views\posts\view.ctp, line 5]
2010-12-01 13:12:07 Debug: Notice (8): Undefined variable: post in [F:\Program Files\xampplite\htdocs\cakephp\app\views\posts\view.ctp, line 7]
2010-12-01 13:14:26 Debug: Notice (8): Undefined variable: post in [F:\Program Files\xampplite\htdocs\cakephp\app\views\posts\view.ctp, line 3]
2010-12-01 13:14:26 Debug: Notice (8): Undefined variable: post in [F:\Program Files\xampplite\htdocs\cakephp\app\views\posts\view.ctp, line 5]
2010-12-01 13:14:26 Debug: Notice (8): Undefined variable: post in [F:\Program Files\xampplite\htdocs\cakephp\app\views\posts\view.ctp, line 7]
2010-12-03 07:21:38 Debug: Notice (8): Undefined variable: id in [F:\Program Files\xampplite\htdocs\cakephp\app\controllers\posts_controller.php, line 25]
2010-12-03 07:21:38 Debug: Notice (8): Undefined variable: id in [F:\Program Files\xampplite\htdocs\cakephp\app\controllers\posts_controller.php, line 26]
2010-12-03 07:31:23 Debug: Notice (8): Undefined variable: posts in [F:\Program Files\xampplite\htdocs\cakephp\app\views\posts\index.ctp, line 18]
2010-12-03 07:34:55 Debug: Notice (8): Undefined variable: post in [F:\Program Files\xampplite\htdocs\cakephp\app\views\posts\view.ctp, line 3]
2010-12-03 07:34:55 Debug: Notice (8): Undefined variable: post in [F:\Program Files\xampplite\htdocs\cakephp\app\views\posts\view.ctp, line 5]
2010-12-03 07:34:55 Debug: Notice (8): Undefined variable: post in [F:\Program Files\xampplite\htdocs\cakephp\app\views\posts\view.ctp, line 7]
2010-12-04 04:21:01 Debug: Notice (8): Undefined index: id in [F:\Program Files\xampplite\htdocs\cakephp\app\views\groups\index.ctp, line 22]
2010-12-04 04:21:36 Debug: Notice (8): Undefined index: id in [F:\Program Files\xampplite\htdocs\cakephp\app\views\groups\index.ctp, line 22]
2010-12-04 04:57:12 Debug: Notice (8): Undefined index: groupName in [F:\Program Files\xampplite\htdocs\cakephp\app\views\groups\index.ctp, line 20]
2010-12-04 10:40:19 Debug: Notice (1024): Please change the value of 'Security.salt' in app/config/core.php to a salt value specific to your application in [F:\Program Files\xampplite\htdocs\cakephp\cake\libs\debugger.php, line 684]
2010-12-04 10:40:19 Debug: Notice (1024): Please change the value of 'Security.cipherSeed' in app/config/core.php to a numeric (digits only) seed value specific to your application in [F:\Program Files\xampplite\htdocs\cakephp\cake\libs\debugger.php, line 688]
2010-12-04 12:05:49 Debug: Notice (8): Undefined index: name in [F:\Program Files\xampplite\htdocs\cakephp\app\controllers\administrators_controller.php, line 8]
2010-12-04 12:06:17 Debug: Notice (8): Undefined index: name in [F:\Program Files\xampplite\htdocs\cakephp\app\controllers\administrators_controller.php, line 8]
2010-12-04 12:06:22 Debug: Notice (8): Undefined index: name in [F:\Program Files\xampplite\htdocs\cakephp\app\controllers\administrators_controller.php, line 8]
2010-12-04 12:06:35 Debug: Notice (8): Undefined index: name in [F:\Program Files\xampplite\htdocs\cakephp\app\controllers\administrators_controller.php, line 8]
2010-12-04 12:08:18 Debug: Notice (8): Undefined index: name in [F:\Program Files\xampplite\htdocs\cakephp\app\controllers\administrators_controller.php, line 8]
2010-12-04 12:10:30 Debug: Notice (8): Undefined index: name in [F:\Program Files\xampplite\htdocs\cakephp\app\controllers\administrators_controller.php, line 8]
2010-12-04 14:02:11 Debug: Notice (8): Undefined property: AdministratorsController::$Acl in [F:\Program Files\xampplite\htdocs\cakephp\app\controllers\administrators_controller.php, line 46]
2010-12-04 14:02:11 Debug: Notice (8): Trying to get property of non-object in [F:\Program Files\xampplite\htdocs\cakephp\app\controllers\administrators_controller.php, line 46]
2010-12-04 14:02:58 Debug: Notice (8): Undefined property: AdministratorsController::$Acl in [F:\Program Files\xampplite\htdocs\cakephp\app\controllers\administrators_controller.php, line 47]
2010-12-04 14:02:58 Debug: Notice (8): Trying to get property of non-object in [F:\Program Files\xampplite\htdocs\cakephp\app\controllers\administrators_controller.php, line 47]
2010-12-04 14:03:37 Debug: Notice (8): Undefined property: AdministratorsController::$Acl in [F:\Program Files\xampplite\htdocs\cakephp\app\controllers\administrators_controller.php, line 47]
2010-12-04 14:03:37 Debug: Notice (8): Trying to get property of non-object in [F:\Program Files\xampplite\htdocs\cakephp\app\controllers\administrators_controller.php, line 47]
2010-12-04 14:03:40 Debug: Notice (8): Undefined property: AdministratorsController::$Acl in [F:\Program Files\xampplite\htdocs\cakephp\app\controllers\administrators_controller.php, line 47]
2010-12-04 14:03:40 Debug: Notice (8): Trying to get property of non-object in [F:\Program Files\xampplite\htdocs\cakephp\app\controllers\administrators_controller.php, line 47]
2010-12-04 16:29:23 Debug: Notice (8): Undefined index: id in [F:\Program Files\xampplite\htdocs\cakephp\app\controllers\news_controller.php, line 8]
2010-12-04 16:29:23 Debug: Notice (8): Undefined property: View::$Paginator in [F:\Program Files\xampplite\htdocs\cakephp\app\views\news\index.ctp, line 5]
2010-12-04 16:32:27 Debug: Notice (8): Undefined index: id in [F:\Program Files\xampplite\htdocs\cakephp\app\controllers\news_controller.php, line 8]
2010-12-04 16:32:27 Debug: Notice (8): Undefined property: View::$Paginator in [F:\Program Files\xampplite\htdocs\cakephp\app\views\news\index.ctp, line 5]
2010-12-04 16:35:25 Debug: Notice (8): Undefined property: View::$Paginator in [F:\Program Files\xampplite\htdocs\cakephp\app\views\news\index.ctp, line 5]
2010-12-04 16:38:48 Debug: Notice (8): Undefined offset: 0 in [F:\Program Files\xampplite\htdocs\cakephp\app\views\news\index.ctp, line 4]
2010-12-04 16:38:48 Debug: Notice (8): Undefined index: News in [F:\Program Files\xampplite\htdocs\cakephp\app\views\news\index.ctp, line 8]
2010-12-04 16:40:35 Debug: Notice (8): Undefined offset: 0 in [F:\Program Files\xampplite\htdocs\cakephp\app\views\news\index.ctp, line 4]
2010-12-04 16:40:35 Debug: Notice (8): Undefined index: News in [F:\Program Files\xampplite\htdocs\cakephp\app\views\news\index.ctp, line 8]
2010-12-04 16:43:29 Debug: Notice (8): Undefined variable: administratorInSession in [F:\Program Files\xampplite\htdocs\cakephp\app\views\news\index.ctp, line 2]
2010-12-05 13:03:53 Debug: Notice (8): Undefined variable: administratorInSession in [F:\Program Files\xampplite\htdocs\cakephp\app\views\administrators\login.ctp, line 18]
2010-12-05 13:04:33 Debug: Notice (8): Undefined variable: administratorFound in [F:\Program Files\xampplite\htdocs\cakephp\app\views\administrators\login.ctp, line 18]
2010-12-05 13:05:00 Debug: Notice (8): Undefined variable: administrator in [F:\Program Files\xampplite\htdocs\cakephp\app\views\administrators\login.ctp, line 18]
2010-12-05 13:05:43 Debug: Notice (8): Undefined variable: administratora in [F:\Program Files\xampplite\htdocs\cakephp\app\views\administrators\login.ctp, line 18]
2010-12-05 13:05:51 Debug: Notice (8): Use of undefined constant administratorFound - assumed 'administratorFound' in [F:\Program Files\xampplite\htdocs\cakephp\app\controllers\administrators_controller.php, line 14]
2010-12-05 13:44:40 Debug: Notice (8): Undefined variable: administratora in [F:\Program Files\xampplite\htdocs\cakephp\app\views\administrators\login.ctp, line 18]
2010-12-05 13:57:54 Debug: Notice (8): Use of undefined constant administratorFound - assumed 'administratorFound' in [F:\Program Files\xampplite\htdocs\cakephp\app\controllers\administrators_controller.php, line 15]
2010-12-05 13:58:01 Debug: Notice (8): Use of undefined constant administratorFound - assumed 'administratorFound' in [F:\Program Files\xampplite\htdocs\cakephp\app\controllers\administrators_controller.php, line 15]
2010-12-05 14:14:14 Debug: Notice (8): Undefined index: Administrator in [F:\Program Files\xampplite\htdocs\cakephp\app\controllers\administrators_controller.php, line 13]
2010-12-05 16:41:32 Debug: Notice (8): Undefined variable: administratora in [F:\Program Files\xampplite\htdocs\cakephp\app\views\administrators\login.ctp, line 19]
2010-12-05 16:42:18 Debug: Notice (8): Undefined variable: administratora in [F:\Program Files\xampplite\htdocs\cakephp\app\views\administrators\login.ctp, line 19]
2010-12-05 16:50:29 Debug: Notice (8): Undefined variable: administratora in [F:\Program Files\xampplite\htdocs\cakephp\app\views\administrators\login.ctp, line 19]
2010-12-05 16:54:59 Debug: Notice (8): Undefined variable: administratora in [F:\Program Files\xampplite\htdocs\cakephp\app\views\administrators\login.ctp, line 19]
2010-12-05 17:00:30 Debug: Notice (8): Undefined variable: administratora in [F:\Program Files\xampplite\htdocs\cakephp\app\views\administrators\login.ctp, line 19]
2010-12-06 05:13:01 Debug: Notice (8): Undefined variable: administratora in [F:\Program Files\xampplite\htdocs\cakephp\app\views\administrators\login.ctp, line 19]
2010-12-06 05:13:14 Debug: Notice (8): Undefined variable: administratora in [F:\Program Files\xampplite\htdocs\cakephp\app\views\administrators\login.ctp, line 19]
2010-12-06 05:32:28 Debug: Notice (8): Undefined property: View::$Paginator in [F:\Program Files\xampplite\htdocs\cakephp\app\views\news\index.ctp, line 5]
2010-12-06 05:34:19 Debug: Notice (8): Undefined variable: administratora in [F:\Program Files\xampplite\htdocs\cakephp\app\views\administrators\login.ctp, line 19]
2010-12-06 05:44:03 Debug: Notice (8): Undefined variable: administratora in [F:\Program Files\xampplite\htdocs\cakephp\app\views\administrators\login.ctp, line 19]
2010-12-06 05:49:03 Debug: Notice (8): Undefined variable: administratora in [F:\Program Files\xampplite\htdocs\cakephp\app\views\administrators\login.ctp, line 19]
2010-12-06 05:53:15 Debug: Notice (8): Undefined variable: administratora in [F:\Program Files\xampplite\htdocs\cakephp\app\views\administrators\login.ctp, line 19]
2010-12-06 05:54:13 Debug: Notice (8): Undefined variable: administratora in [F:\Program Files\xampplite\htdocs\cakephp\app\views\administrators\login.ctp, line 19]
2010-12-06 06:05:36 Debug: Notice (8): Undefined variable: administratora in [F:\Program Files\xampplite\htdocs\cakephp\app\views\administrators\login.ctp, line 19]
2010-12-06 06:06:39 Debug: Notice (8): Undefined variable: administratora in [F:\Program Files\xampplite\htdocs\cakephp\app\views\administrators\login.ctp, line 19]
2010-12-06 06:07:17 Debug: Notice (8): Undefined variable: administratora in [F:\Program Files\xampplite\htdocs\cakephp\app\views\administrators\login.ctp, line 19]
2010-12-06 08:37:19 Debug: Notice (8): Undefined property: NewsController::$hasLogin in [F:\Program Files\xampplite\htdocs\cakephp\app\controllers\news_controller.php, line 7]
2010-12-06 08:37:19 Debug: Notice (8): Undefined variable: news in [F:\Program Files\xampplite\htdocs\cakephp\app\views\news\index.ctp, line 3]
2010-12-06 08:37:53 Debug: Notice (8): Undefined variable: administratora in [F:\Program Files\xampplite\htdocs\cakephp\app\views\administrators\login.ctp, line 19]
2010-12-06 08:38:00 Debug: Notice (8): Undefined property: NewsController::$hasLogin in [F:\Program Files\xampplite\htdocs\cakephp\app\controllers\news_controller.php, line 7]
2010-12-06 08:38:00 Debug: Notice (8): Undefined variable: news in [F:\Program Files\xampplite\htdocs\cakephp\app\views\news\index.ctp, line 3]
2010-12-06 08:38:16 Debug: Notice (8): Undefined variable: administratora in [F:\Program Files\xampplite\htdocs\cakephp\app\views\administrators\login.ctp, line 19]
2010-12-06 08:39:16 Debug: Notice (8): Undefined property: NewsController::$Acl in [F:\Program Files\xampplite\htdocs\cakephp\app\controllers\news_controller.php, line 28]
2010-12-06 08:39:16 Debug: Notice (8): Trying to get property of non-object in [F:\Program Files\xampplite\htdocs\cakephp\app\controllers\news_controller.php, line 28]
2010-12-06 08:53:35 Debug: Notice (8): Undefined index: studentName in [F:\Program Files\xampplite\htdocs\cakephp\app\views\students\index.ctp, line 21]
2010-12-06 08:53:43 Debug: Notice (8): Undefined index: studentName in [F:\Program Files\xampplite\htdocs\cakephp\app\views\students\index.ctp, line 21]
2010-12-06 09:55:03 Debug: Notice (8): Use of undefined constant count - assumed 'count' in [F:\Program Files\xampplite\htdocs\cakephp\app\controllers\news_controller.php, line 44]
2010-12-06 09:56:06 Debug: Notice (8): Undefined index: User in [F:\Program Files\xampplite\htdocs\cakephp\app\views\news\index.ctp, line 4]
2010-12-06 09:56:06 Debug: Notice (8): Undefined variable: knownusers in [F:\Program Files\xampplite\htdocs\cakephp\app\views\news\index.ctp, line 6]
2010-12-06 10:01:22 Debug: Notice (8): Undefined variable: knownusers in [F:\Program Files\xampplite\htdocs\cakephp\app\views\news\index.ctp, line 6]
2010-12-06 10:02:00 Debug: Notice (8): Undefined variable: knownusers in [F:\Program Files\xampplite\htdocs\cakephp\app\views\news\index.ctp, line 6]
2010-12-06 10:02:40 Debug: Notice (8): Undefined variable: knownusers in [F:\Program Files\xampplite\htdocs\cakephp\app\views\news\index.ctp, line 6]
2010-12-06 10:04:35 Debug: Notice (8): Undefined index: User in [F:\Program Files\xampplite\htdocs\cakephp\app\views\news\index.ctp, line 4]
2010-12-06 10:04:35 Debug: Notice (8): Undefined variable: knownusers in [F:\Program Files\xampplite\htdocs\cakephp\app\views\news\index.ctp, line 6]
2010-12-06 10:12:26 Debug: Notice (8): Undefined index: User in [F:\Program Files\xampplite\htdocs\cakephp\app\views\news\index.ctp, line 4]
2010-12-06 10:12:26 Debug: Notice (8): Undefined variable: knownusers in [F:\Program Files\xampplite\htdocs\cakephp\app\views\news\index.ctp, line 6]
2010-12-06 10:15:29 Debug: Notice (8): Undefined index: News in [F:\Program Files\xampplite\htdocs\cakephp\app\views\news\index.ctp, line 4]
2010-12-06 10:15:29 Debug: Notice (8): Undefined index: News in [F:\Program Files\xampplite\htdocs\cakephp\app\views\news\index.ctp, line 8]
2010-12-06 10:16:11 Debug: Notice (8): Undefined variable: news in [F:\Program Files\xampplite\htdocs\cakephp\app\views\news\index.ctp, line 4]
2010-12-06 10:16:11 Debug: Notice (8): Undefined variable: news in [F:\Program Files\xampplite\htdocs\cakephp\app\views\news\index.ctp, line 6]
2010-12-06 10:26:11 Debug: Notice (8): Undefined variable: news in [F:\Program Files\xampplite\htdocs\cakephp\app\views\news\index.ctp, line 4]
2010-12-06 10:26:11 Debug: Notice (8): Undefined variable: news in [F:\Program Files\xampplite\htdocs\cakephp\app\views\news\index.ctp, line 6]
2010-12-06 12:23:00 Debug: Notice (8): Undefined index: studentName in [F:\Program Files\xampplite\htdocs\cakephp\app\views\groups\view.ctp, line 99]
2010-12-06 12:30:43 Debug: Notice (8): Undefined variable: administrator in [F:\Program Files\xampplite\htdocs\cakephp\app\controllers\news_controller.php, line 41]
2010-12-06 12:30:43 Debug: Notice (8): Use of undefined constant newsBelongedToAdministratorPaginated - assumed 'newsBelongedToAdministratorPaginated' in [F:\Program Files\xampplite\htdocs\cakephp\app\controllers\news_controller.php, line 44]
2010-12-06 12:32:56 Debug: Notice (8): Undefined variable: administrator in [F:\Program Files\xampplite\htdocs\cakephp\app\controllers\news_controller.php, line 41]
2010-12-06 12:32:56 Debug: Notice (8): Use of undefined constant newsBelongedToAdministratorPaginated - assumed 'newsBelongedToAdministratorPaginated' in [F:\Program Files\xampplite\htdocs\cakephp\app\controllers\news_controller.php, line 44]
2010-12-06 12:32:56 Debug: Notice (8): Undefined variable: news in [F:\Program Files\xampplite\htdocs\cakephp\app\views\news\index.ctp, line 14]
2010-12-06 12:33:07 Debug: Notice (8): Undefined variable: administrator in [F:\Program Files\xampplite\htdocs\cakephp\app\controllers\news_controller.php, line 41]
2010-12-06 12:33:07 Debug: Notice (8): Use of undefined constant newsBelongedToAdministratorPaginated - assumed 'newsBelongedToAdministratorPaginated' in [F:\Program Files\xampplite\htdocs\cakephp\app\controllers\news_controller.php, line 44]
2010-12-06 12:33:35 Debug: Notice (8): Undefined variable: administrator in [F:\Program Files\xampplite\htdocs\cakephp\app\controllers\news_controller.php, line 41]
2010-12-06 12:34:07 Debug: Notice (8): Undefined variable: administrator in [F:\Program Files\xampplite\htdocs\cakephp\app\controllers\news_controller.php, line 41]
2010-12-06 12:36:47 Debug: Notice (8): Use of undefined constant recursive - assumed 'recursive' in [F:\Program Files\xampplite\htdocs\cakephp\app\controllers\news_controller.php, line 42]
2010-12-06 12:44:46 Debug: Notice (8): Undefined index: Administrator in [F:\Program Files\xampplite\htdocs\cakephp\app\views\news\index.ctp, line 26]
2010-12-06 13:42:47 Debug: Notice (8): Undefined variable: administratora in [F:\Program Files\xampplite\htdocs\cakephp\app\views\administrators\login.ctp, line 19]
2010-12-06 13:44:53 Debug: Notice (8): Undefined property: View::$Paginator in [F:\Program Files\xampplite\htdocs\cakephp\app\views\news\index.ctp, line 5]
2010-12-06 13:46:03 Debug: Notice (8): Undefined variable: administratora in [F:\Program Files\xampplite\htdocs\cakephp\app\views\administrators\login.ctp, line 19]
2010-12-06 13:50:25 Debug: Notice (8): Undefined variable: administratora in [F:\Program Files\xampplite\htdocs\cakephp\app\views\administrators\login.ctp, line 19]
2010-12-06 13:52:25 Debug: Notice (8): Undefined index: studentName in [F:\Program Files\xampplite\htdocs\cakephp\app\views\groups\view.ctp, line 99]
2010-12-06 13:52:28 Debug: Notice (8): Undefined index: studentName in [F:\Program Files\xampplite\htdocs\cakephp\app\views\groups\view.ctp, line 99]
2010-12-06 14:25:51 Debug: Notice (8): Undefined variable: administratora in [F:\Program Files\xampplite\htdocs\cakephp\app\views\administrators\login.ctp, line 19]
2010-12-06 14:29:22 Debug: Notice (8): Undefined variable: administratora in [F:\Program Files\xampplite\htdocs\cakephp\app\views\administrators\login.ctp, line 19]
2010-12-07 07:44:57 Debug: Notice (8): Undefined property: View::$Paginator in [F:\Program Files\xampplite\htdocs\cakephp\app\views\news\index.ctp, line 5]
2010-12-07 07:47:56 Debug: Notice (8): Undefined property: View::$Paginator in [F:\Program Files\xampplite\htdocs\cakephp\app\views\news\index.ctp, line 5]
2010-12-07 07:48:04 Debug: Notice (8): Undefined variable: se in [F:\Program Files\xampplite\htdocs\cakephp\app\views\news\index.ctp, line 3]
2010-12-07 07:48:49 Debug: Notice (8): Undefined variable: administratora in [F:\Program Files\xampplite\htdocs\cakephp\app\views\administrators\login.ctp, line 19]
2010-12-07 07:49:47 Debug: Notice (8): Undefined variable: news in [F:\Program Files\xampplite\htdocs\cakephp\app\views\news\index.ctp, line 14]
2010-12-07 07:52:08 Debug: Notice (8): Undefined variable: administratora in [F:\Program Files\xampplite\htdocs\cakephp\app\views\administrators\login.ctp, line 19]
2010-12-07 07:52:21 Debug: Notice (8): Undefined property: View::$Paginator in [F:\Program Files\xampplite\htdocs\cakephp\app\views\news\index.ctp, line 5]
2010-12-07 08:18:17 Debug: Notice (8): Undefined property: View::$Paginator in [F:\Program Files\xampplite\htdocs\cakephp\app\views\news\index.ctp, line 5]
2010-12-07 08:18:40 Debug: Notice (8): Undefined variable: administratora in [F:\Program Files\xampplite\htdocs\cakephp\app\views\administrators\login.ctp, line 19]
2010-12-07 08:18:44 Debug: Notice (8): Undefined variable: administratora in [F:\Program Files\xampplite\htdocs\cakephp\app\views\administrators\login.ctp, line 19]
2010-12-07 08:18:54 Debug: Notice (8): Undefined variable: administratora in [F:\Program Files\xampplite\htdocs\cakephp\app\views\administrators\login.ctp, line 19]
2010-12-07 08:19:09 Debug: Notice (8): Undefined variable: administratora in [F:\Program Files\xampplite\htdocs\cakephp\app\views\administrators\login.ctp, line 19]
2010-12-07 08:19:26 Debug: Notice (8): Undefined variable: administratora in [F:\Program Files\xampplite\htdocs\cakephp\app\views\administrators\login.ctp, line 19]
2010-12-07 08:19:38 Debug: Notice (8): Undefined variable: news in [F:\Program Files\xampplite\htdocs\cakephp\app\views\news\view.ctp, line 6]
2010-12-07 08:19:38 Debug: Notice (8): Undefined variable: news in [F:\Program Files\xampplite\htdocs\cakephp\app\views\news\view.ctp, line 11]
2010-12-07 08:19:38 Debug: Notice (8): Undefined variable: news in [F:\Program Files\xampplite\htdocs\cakephp\app\views\news\view.ctp, line 16]
2010-12-07 08:19:38 Debug: Notice (8): Undefined variable: news in [F:\Program Files\xampplite\htdocs\cakephp\app\views\news\view.ctp, line 21]
2010-12-07 08:19:38 Debug: Notice (8): Undefined variable: news in [F:\Program Files\xampplite\htdocs\cakephp\app\views\news\view.ctp, line 26]
2010-12-07 08:19:38 Debug: Notice (8): Undefined variable: news in [F:\Program Files\xampplite\htdocs\cakephp\app\views\news\view.ctp, line 34]
2010-12-07 08:19:38 Debug: Notice (8): Undefined variable: news in [F:\Program Files\xampplite\htdocs\cakephp\app\views\news\view.ctp, line 35]
2010-12-07 12:11:08 Debug: Notice (8): Undefined variable: id in [F:\Program Files\xampplite\htdocs\cakephp\app\controllers\news_controller.php, line 153]
2010-12-07 12:32:37 Debug: Notice (8): Undefined variable: administratora in [F:\Program Files\xampplite\htdocs\cakephp\app\views\administrators\login.ctp, line 19]
2010-12-07 15:49:44 Debug: Notice (8): Undefined variable: administratora in [F:\Program Files\xampplite\htdocs\cakephp\app\views\administrators\login.ctp, line 19]
2010-12-07 15:49:54 Debug: Notice (8): Undefined variable: administratora in [F:\Program Files\xampplite\htdocs\cakephp\app\views\administrators\login.ctp, line 19]
2010-12-07 15:50:07 Debug: Notice (8): Undefined variable: administratora in [F:\Program Files\xampplite\htdocs\cakephp\app\views\administrators\login.ctp, line 19]
2010-12-07 15:50:10 Debug: Notice (8): Use of undefined constant recursive - assumed 'recursive' in [F:\Program Files\xampplite\htdocs\cakephp\app\controllers\administrators_controller.php, line 48]
2010-12-07 15:50:10 Debug: Notice (8): Undefined variable: administratora in [F:\Program Files\xampplite\htdocs\cakephp\app\views\administrators\login.ctp, line 19]
2010-12-07 15:53:33 Debug: Notice (8): Undefined variable: administratora in [F:\Program Files\xampplite\htdocs\cakephp\app\views\administrators\login.ctp, line 19]
2010-12-07 15:56:47 Debug: Notice (8): Undefined index: exist in [F:\Program Files\xampplite\htdocs\cakephp\app\controllers\administrators_controller.php, line 42]
2010-12-07 15:56:47 Debug: Notice (8): Undefined variable: administratora in [F:\Program Files\xampplite\htdocs\cakephp\app\views\administrators\login.ctp, line 19]
2010-12-07 16:03:21 Debug: Notice (8): Undefined variable: administratora in [F:\Program Files\xampplite\htdocs\cakephp\app\views\administrators\login.ctp, line 19]
2010-12-07 16:03:28 Debug: Notice (8): Undefined variable: administratora in [F:\Program Files\xampplite\htdocs\cakephp\app\views\administrators\login.ctp, line 19]
2010-12-07 16:03:35 Debug: Notice (8): Undefined variable: administratora in [F:\Program Files\xampplite\htdocs\cakephp\app\views\administrators\login.ctp, line 19]
2010-12-07 16:04:07 Debug: Notice (8): Undefined variable: administratora in [F:\Program Files\xampplite\htdocs\cakephp\app\views\administrators\login.ctp, line 19]
2010-12-07 16:04:09 Debug: Notice (8): Undefined variable: administratora in [F:\Program Files\xampplite\htdocs\cakephp\app\views\administrators\login.ctp, line 19]
2010-12-07 16:04:15 Debug: Notice (8): Undefined variable: administratora in [F:\Program Files\xampplite\htdocs\cakephp\app\views\administrators\login.ctp, line 19]
2010-12-07 16:04:31 Debug: Notice (8): Undefined index: studentName in [F:\Program Files\xampplite\htdocs\cakephp\app\views\groups\view.ctp, line 99]
2010-12-07 16:04:35 Debug: Notice (8): Undefined index: exist in [F:\Program Files\xampplite\htdocs\cakephp\app\controllers\administrators_controller.php, line 130]
2010-12-07 16:04:41 Debug: Notice (8): Undefined index: exist in [F:\Program Files\xampplite\htdocs\cakephp\app\controllers\administrators_controller.php, line 130]
2010-12-07 16:11:39 Debug: Notice (8): Undefined property: AdministratorsController::$News in [F:\Program Files\xampplite\htdocs\cakephp\app\controllers\administrators_controller.php, line 172]
2010-12-07 16:12:25 Debug: Notice (8): Undefined variable: data in [F:\Program Files\xampplite\htdocs\cakephp\app\controllers\administrators_controller.php, line 174]
2010-12-07 16:13:49 Debug: Notice (8): Undefined index: studentName in [F:\Program Files\xampplite\htdocs\cakephp\app\views\groups\view.ctp, line 99]
2010-12-07 16:18:20 Debug: Notice (8): Undefined index: studentName in [F:\Program Files\xampplite\htdocs\cakephp\app\views\groups\view.ctp, line 99]
2010-12-07 16:18:23 Debug: Notice (8): Undefined index: studentName in [F:\Program Files\xampplite\htdocs\cakephp\app\views\groups\view.ctp, line 99]
2010-12-07 16:18:34 Debug: Notice (8): Undefined variable: administratora in [F:\Program Files\xampplite\htdocs\cakephp\app\views\administrators\login.ctp, line 19]
2010-12-07 16:18:58 Debug: Notice (8): Undefined variable: administratora in [F:\Program Files\xampplite\htdocs\cakephp\app\views\administrators\login.ctp, line 19]
2010-12-07 16:20:43 Debug: Notice (8): Undefined variable: administratora in [F:\Program Files\xampplite\htdocs\cakephp\app\views\administrators\login.ctp, line 19]
2010-12-07 16:20:58 Debug: Notice (8): Undefined variable: administratora in [F:\Program Files\xampplite\htdocs\cakephp\app\views\administrators\login.ctp, line 19]
2010-12-07 16:24:55 Debug: Notice (8): Undefined variable: administratora in [F:\Program Files\xampplite\htdocs\cakephp\app\views\administrators\login.ctp, line 19]
2010-12-08 09:30:39 Debug: Notice (8): Undefined variable: administratora in [F:\Program Files\xampplite\htdocs\cakephp\app\views\administrators\login.ctp, line 19]
2010-12-08 09:30:53 Debug: Notice (8): Undefined variable: newsId in [F:\Program Files\xampplite\htdocs\cakephp\app\controllers\administrators_controller.php, line 227]
2010-12-09 05:31:46 Debug: Notice (8): Undefined variable: administratora in [F:\Program Files\xampplite\htdocs\cakephp\app\views\administrators\login.ctp, line 19]
2010-12-09 05:31:50 Debug: Notice (8): Undefined variable: administratora in [F:\Program Files\xampplite\htdocs\cakephp\app\views\administrators\login.ctp, line 19]
2010-12-09 05:39:39 Debug: Notice (8): Undefined variable: administratora in [F:\Program Files\xampplite\htdocs\cakephp\app\views\administrators\login.ctp, line 19]
2010-12-09 05:45:24 Debug: Notice (8): Undefined variable: administratora in [F:\Program Files\xampplite\htdocs\cakephp\app\views\administrators\login.ctp, line 19]
2010-12-09 05:45:28 Debug: Notice (8): Undefined variable: administratora in [F:\Program Files\xampplite\htdocs\cakephp\app\views\administrators\login.ctp, line 19]
2010-12-09 05:45:32 Debug: Notice (8): Undefined variable: administratora in [F:\Program Files\xampplite\htdocs\cakephp\app\views\administrators\login.ctp, line 19]
2010-12-09 05:45:46 Debug: Notice (8): Undefined variable: administratora in [F:\Program Files\xampplite\htdocs\cakephp\app\views\administrators\login.ctp, line 19]
2010-12-09 06:01:39 Debug: Notice (8): Undefined variable: administratora in [F:\Program Files\xampplite\htdocs\cakephp\app\views\administrators\login.ctp, line 19]
2010-12-09 06:19:41 Debug: Notice (8): Undefined variable: administratora in [F:\Program Files\xampplite\htdocs\cakephp\app\views\administrators\login.ctp, line 19]
2010-12-09 06:20:03 Debug: Notice (8): Undefined variable: administratora in [F:\Program Files\xampplite\htdocs\cakephp\app\views\administrators\login.ctp, line 19]
2010-12-09 06:20:15 Debug: Notice (8): Undefined variable: administratora in [F:\Program Files\xampplite\htdocs\cakephp\app\views\administrators\login.ctp, line 19]
2010-12-09 07:15:08 Debug: Notice (8): Undefined variable: administrator in [F:\Program Files\xampplite\htdocs\cakephp\app\views\administrators\view.ctp, line 6]
2010-12-09 07:15:08 Debug: Notice (8): Undefined variable: administrator in [F:\Program Files\xampplite\htdocs\cakephp\app\views\administrators\view.ctp, line 11]
2010-12-09 07:15:08 Debug: Notice (8): Undefined variable: administrator in [F:\Program Files\xampplite\htdocs\cakephp\app\views\administrators\view.ctp, line 16]
2010-12-09 07:15:08 Debug: Notice (8): Undefined variable: administrator in [F:\Program Files\xampplite\htdocs\cakephp\app\views\administrators\view.ctp, line 21]
2010-12-09 07:15:08 Debug: Notice (8): Undefined variable: administrator in [F:\Program Files\xampplite\htdocs\cakephp\app\views\administrators\view.ctp, line 26]
2010-12-09 07:15:08 Debug: Notice (8): Undefined variable: administrator in [F:\Program Files\xampplite\htdocs\cakephp\app\views\administrators\view.ctp, line 34]
2010-12-09 07:15:08 Debug: Notice (8): Undefined variable: administrator in [F:\Program Files\xampplite\htdocs\cakephp\app\views\administrators\view.ctp, line 35]
2010-12-09 07:32:37 Debug: Notice (8): Use of undefined constant condition - assumed 'condition' in [F:\Program Files\xampplite\htdocs\cakephp\app\controllers\administrators_controller.php, line 107]
2010-12-09 07:32:37 Debug: Notice (8): Undefined property: View::$Paginator in [F:\Program Files\xampplite\htdocs\cakephp\app\views\administrators\index.ctp, line 5]
2010-12-09 07:33:16 Debug: Notice (8): Use of undefined constant condition - assumed 'condition' in [F:\Program Files\xampplite\htdocs\cakephp\app\controllers\administrators_controller.php, line 107]
2010-12-09 08:07:40 Debug: Notice (8): Undefined variable: administratora in [F:\Program Files\xampplite\htdocs\cakephp\app\views\administrators\login.ctp, line 19]
2010-12-09 08:23:05 Debug: Notice (8): Undefined index: exist in [F:\Program Files\xampplite\htdocs\cakephp\app\controllers\administrators_controller.php, line 41]
2010-12-09 08:23:05 Debug: Notice (8): Undefined variable: administratora in [F:\Program Files\xampplite\htdocs\cakephp\app\views\administrators\login.ctp, line 19]
2010-12-09 08:24:58 Debug: Notice (8): Undefined index: exist in [F:\Program Files\xampplite\htdocs\cakephp\app\controllers\administrators_controller.php, line 41]
2010-12-09 08:24:58 Debug: Notice (8): Undefined variable: administratora in [F:\Program Files\xampplite\htdocs\cakephp\app\views\administrators\login.ctp, line 19]
2010-12-09 08:25:05 Debug: Notice (8): Undefined index: exist in [F:\Program Files\xampplite\htdocs\cakephp\app\controllers\administrators_controller.php, line 41]
2010-12-09 08:25:05 Debug: Notice (8): Undefined variable: administratora in [F:\Program Files\xampplite\htdocs\cakephp\app\views\administrators\login.ctp, line 19]
2010-12-09 08:25:11 Debug: Notice (8): Undefined variable: administratorAllRelated in [F:\Program Files\xampplite\htdocs\cakephp\app\controllers\administrators_controller.php, line 40]
2010-12-09 08:25:11 Debug: Notice (8): Undefined variable: administratora in [F:\Program Files\xampplite\htdocs\cakephp\app\views\administrators\login.ctp, line 19]
2010-12-09 08:25:46 Debug: Notice (8): Undefined variable: administratorPassword in [F:\Program Files\xampplite\htdocs\cakephp\app\controllers\administrators_controller.php, line 55]
2010-12-09 08:25:46 Debug: Notice (8): Undefined variable: administratora in [F:\Program Files\xampplite\htdocs\cakephp\app\views\administrators\login.ctp, line 19]
2010-12-09 08:25:49 Debug: Notice (8): Undefined variable: administratorPassword in [F:\Program Files\xampplite\htdocs\cakephp\app\controllers\administrators_controller.php, line 55]
2010-12-09 08:25:49 Debug: Notice (8): Undefined variable: administratora in [F:\Program Files\xampplite\htdocs\cakephp\app\views\administrators\login.ctp, line 19]
2010-12-09 08:34:58 Debug: Notice (8): Undefined variable: administratora in [F:\Program Files\xampplite\htdocs\cakephp\app\views\administrators\login.ctp, line 19]
2010-12-09 08:37:44 Debug: Notice (8): Undefined variable: news in [F:\Program Files\xampplite\htdocs\cakephp\app\views\news\view.ctp, line 6]
2010-12-09 08:37:44 Debug: Notice (8): Undefined variable: news in [F:\Program Files\xampplite\htdocs\cakephp\app\views\news\view.ctp, line 11]
2010-12-09 08:37:44 Debug: Notice (8): Undefined variable: news in [F:\Program Files\xampplite\htdocs\cakephp\app\views\news\view.ctp, line 16]
2010-12-09 08:37:44 Debug: Notice (8): Undefined variable: news in [F:\Program Files\xampplite\htdocs\cakephp\app\views\news\view.ctp, line 21]
2010-12-09 08:37:44 Debug: Notice (8): Undefined variable: news in [F:\Program Files\xampplite\htdocs\cakephp\app\views\news\view.ctp, line 26]
2010-12-09 08:37:44 Debug: Notice (8): Undefined variable: news in [F:\Program Files\xampplite\htdocs\cakephp\app\views\news\view.ctp, line 34]
2010-12-09 08:37:44 Debug: Notice (8): Undefined variable: news in [F:\Program Files\xampplite\htdocs\cakephp\app\views\news\view.ctp, line 35]
2010-12-09 08:43:19 Debug: Notice (8): Undefined variable: administratora in [F:\Program Files\xampplite\htdocs\cakephp\app\views\administrators\login.ctp, line 19]
2010-12-09 08:49:27 Debug: Notice (8): Undefined variable: administratora in [F:\Program Files\xampplite\htdocs\cakephp\app\views\administrators\login.ctp, line 19]
2010-12-09 09:04:15 Debug: Notice (8): Undefined variable: administratora in [F:\Program Files\xampplite\htdocs\cakephp\app\views\administrators\login.ctp, line 19]
2010-12-09 09:04:23 Debug: Notice (8): Undefined variable: administratora in [F:\Program Files\xampplite\htdocs\cakephp\app\views\administrators\login.ctp, line 19]
2010-12-09 09:07:44 Debug: Notice (8): Undefined variable: administratora in [F:\Program Files\xampplite\htdocs\cakephp\app\views\administrators\login.ctp, line 19]
2010-12-09 09:07:52 Debug: Notice (8): Undefined variable: administratora in [F:\Program Files\xampplite\htdocs\cakephp\app\views\administrators\login.ctp, line 19]
2010-12-10 09:29:27 Debug: Notice (8): Use of undefined constant params - assumed 'params' in [F:\Program Files\xampplite\htdocs\cakephp\app\app_controller.php, line 38]
2010-12-10 09:29:28 Debug: Notice (8): Undefined variable: administratora in [F:\Program Files\xampplite\htdocs\cakephp\app\views\administrators\login.ctp, line 19]
2010-12-10 09:29:57 Debug: Notice (8): Undefined variable: administratora in [F:\Program Files\xampplite\htdocs\cakephp\app\views\administrators\login.ctp, line 19]
2010-12-10 10:00:09 Debug: Notice (8): Undefined variable: administratora in [F:\Program Files\xampplite\htdocs\cakephp\app\views\administrators\login.ctp, line 19]
2010-12-10 10:04:16 Debug: Notice (8): Undefined variable: administratora in [F:\Program Files\xampplite\htdocs\cakephp\app\views\administrators\login.ctp, line 19]
2010-12-10 10:04:44 Debug: Notice (8): Undefined variable: administratora in [F:\Program Files\xampplite\htdocs\cakephp\app\views\administrators\login.ctp, line 19]
2010-12-10 10:06:52 Debug: Notice (8): Undefined variable: administratora in [F:\Program Files\xampplite\htdocs\cakephp\app\views\administrators\login.ctp, line 19]
2010-12-10 10:08:11 Debug: Notice (8): Undefined variable: administratora in [F:\Program Files\xampplite\htdocs\cakephp\app\views\administrators\login.ctp, line 19]
2010-12-10 10:13:34 Debug: Notice (8): Undefined index: studentName in [F:\Program Files\xampplite\htdocs\cakephp\app\views\groups\view.ctp, line 99]
2010-12-10 12:21:12 Debug: Notice (8): Undefined variable: administratora in [F:\Program Files\xampplite\htdocs\cakephp\app\views\administrators\login.ctp, line 19]
2010-12-10 12:33:28 Debug: Notice (8): Undefined variable: administratora in [F:\Program Files\xampplite\htdocs\cakephp\app\views\administrators\login.ctp, line 19]
2010-12-10 12:33:44 Debug: Notice (8): Undefined property: GroupRelationsController::$Acl in [F:\Program Files\xampplite\htdocs\cakephp\app\app_controller.php, line 24]
2010-12-10 12:33:44 Debug: Notice (8): Trying to get property of non-object in [F:\Program Files\xampplite\htdocs\cakephp\app\app_controller.php, line 24]
2010-12-10 12:38:02 Debug: Notice (8): Undefined property: GroupRelationsController::$Session in [F:\Program Files\xampplite\htdocs\cakephp\app\app_controller.php, line 15]
2010-12-10 12:40:30 Debug: Notice (8): Undefined property: AdministratorsController::$Session in [F:\Program Files\xampplite\htdocs\cakephp\app\app_controller.php, line 15]
2010-12-10 12:40:41 Debug: Notice (8): Undefined property: AdministratorsController::$Session in [F:\Program Files\xampplite\htdocs\cakephp\app\app_controller.php, line 15]
2010-12-10 12:41:31 Debug: Notice (8): Undefined variable: administratora in [F:\Program Files\xampplite\htdocs\cakephp\app\views\administrators\login.ctp, line 19]
2010-12-10 12:42:19 Debug: Notice (8): Undefined property: AdministratorsController::$Session in [F:\Program Files\xampplite\htdocs\cakephp\app\app_controller.php, line 15]
2010-12-10 12:43:16 Debug: Notice (8): Undefined variable: administratora in [F:\Program Files\xampplite\htdocs\cakephp\app\views\administrators\login.ctp, line 19]
2010-12-10 12:43:51 Debug: Notice (8): Undefined variable: administratora in [F:\Program Files\xampplite\htdocs\cakephp\app\views\administrators\login.ctp, line 19]
2010-12-10 12:43:56 Debug: Notice (8): Undefined variable: administratora in [F:\Program Files\xampplite\htdocs\cakephp\app\views\administrators\login.ctp, line 19]
2010-12-10 12:43:57 Debug: Notice (8): Undefined variable: administratora in [F:\Program Files\xampplite\htdocs\cakephp\app\views\administrators\login.ctp, line 19]
2010-12-10 12:44:04 Debug: Notice (8): Undefined property: AdministratorsController::$Session in [F:\Program Files\xampplite\htdocs\cakephp\app\app_controller.php, line 16]
2010-12-10 12:44:38 Debug: Notice (8): Undefined property: AdministratorsController::$Session in [F:\Program Files\xampplite\htdocs\cakephp\app\app_controller.php, line 15]
2010-12-10 12:44:38 Debug: Notice (8): Undefined property: AdministratorsController::$Session in [F:\Program Files\xampplite\htdocs\cakephp\app\app_controller.php, line 16]
2010-12-10 12:45:10 Debug: Notice (8): Undefined variable: administratora in [F:\Program Files\xampplite\htdocs\cakephp\app\views\administrators\login.ctp, line 19]
2010-12-10 12:45:34 Debug: Notice (8): Undefined variable: administratora in [F:\Program Files\xampplite\htdocs\cakephp\app\views\administrators\login.ctp, line 19]
2010-12-10 12:45:40 Debug: Notice (8): Undefined variable: administratora in [F:\Program Files\xampplite\htdocs\cakephp\app\views\administrators\login.ctp, line 19]
2010-12-10 12:46:20 Debug: Notice (8): Undefined variable: administratora in [F:\Program Files\xampplite\htdocs\cakephp\app\views\administrators\login.ctp, line 19]
2010-12-10 12:46:20 Debug: Notice (8): Undefined property: View::$Session in [F:\Program Files\xampplite\htdocs\cakephp\cake\libs\view\layouts\default.ctp, line 43]
2010-12-10 12:47:57 Debug: Notice (8): Undefined variable: administratora in [F:\Program Files\xampplite\htdocs\cakephp\app\views\administrators\login.ctp, line 19]
