2010-12-01 12:10:18 Warning: Warning (2): Cannot modify header information - headers already sent by (output started at F:\Program Files\xampplite\htdocs\cakephp\app\controllers\posts_controller.php:2) in [F:\Program Files\xampplite\htdocs\cakephp\cake\libs\controller\controller.php, line 746]
2010-12-01 12:10:53 Warning: Warning (2): Cannot modify header information - headers already sent by (output started at F:\Program Files\xampplite\htdocs\cakephp\app\controllers\posts_controller.php:2) in [F:\Program Files\xampplite\htdocs\cakephp\cake\libs\controller\controller.php, line 746]
2010-12-01 12:37:25 Warning: Warning (2): Cannot modify header information - headers already sent by (output started at F:\Program Files\xampplite\htdocs\cakephp\app\controllers\posts_controller.php:2) in [F:\Program Files\xampplite\htdocs\cakephp\cake\libs\controller\controller.php, line 746]
2010-12-01 12:40:32 Warning: Warning (2): Cannot modify header information - headers already sent by (output started at F:\Program Files\xampplite\htdocs\cakephp\app\controllers\posts_controller.php:2) in [F:\Program Files\xampplite\htdocs\cakephp\cake\libs\controller\controller.php, line 746]
2010-12-01 12:55:37 Warning: Warning (2): Cannot modify header information - headers already sent by (output started at F:\Program Files\xampplite\htdocs\cakephp\app\controllers\posts_controller.php:2) in [F:\Program Files\xampplite\htdocs\cakephp\cake\libs\controller\controller.php, line 746]
2010-12-01 12:55:42 Warning: Warning (2): Cannot modify header information - headers already sent by (output started at F:\Program Files\xampplite\htdocs\cakephp\app\controllers\posts_controller.php:2) in [F:\Program Files\xampplite\htdocs\cakephp\cake\libs\controller\controller.php, line 746]
2010-12-01 12:56:53 Warning: Warning (2): Cannot modify header information - headers already sent by (output started at F:\Program Files\xampplite\htdocs\cakephp\app\controllers\posts_controller.php:2) in [F:\Program Files\xampplite\htdocs\cakephp\cake\libs\controller\controller.php, line 746]
2010-12-01 13:02:30 Warning: Warning (2): Cannot modify header information - headers already sent by (output started at F:\Program Files\xampplite\htdocs\cakephp\app\controllers\posts_controller.php:2) in [F:\Program Files\xampplite\htdocs\cakephp\cake\libs\controller\controller.php, line 746]
2010-12-01 13:04:08 Warning: Warning (2): Cannot modify header information - headers already sent by (output started at F:\Program Files\xampplite\htdocs\cakephp\app\controllers\posts_controller.php:2) in [F:\Program Files\xampplite\htdocs\cakephp\cake\libs\controller\controller.php, line 746]
2010-12-01 13:07:11 Warning: Warning (2): Cannot modify header information - headers already sent by (output started at F:\Program Files\xampplite\htdocs\cakephp\app\controllers\posts_controller.php:2) in [F:\Program Files\xampplite\htdocs\cakephp\cake\libs\controller\controller.php, line 746]
2010-12-01 15:14:00 Warning: Warning (2): Cannot modify header information - headers already sent by (output started at F:\Program Files\xampplite\htdocs\cakephp\app\controllers\posts_controller.php:2) in [F:\Program Files\xampplite\htdocs\cakephp\cake\libs\controller\controller.php, line 746]
2010-12-01 15:15:31 Warning: Warning (2): Cannot modify header information - headers already sent by (output started at F:\Program Files\xampplite\htdocs\cakephp\app\controllers\posts_controller.php:34) in [F:\Program Files\xampplite\htdocs\cakephp\cake\libs\controller\controller.php, line 746]
2010-12-03 07:21:38 Warning: Warning (2): Missing argument 1 for PostsController::delete() in [F:\Program Files\xampplite\htdocs\cakephp\app\controllers\posts_controller.php, line 24]
2010-12-03 07:21:39 Warning: Warning (2): Cannot modify header information - headers already sent by (output started at F:\Program Files\xampplite\htdocs\cakephp\cake\libs\debugger.php:673) in [F:\Program Files\xampplite\htdocs\cakephp\cake\libs\controller\controller.php, line 746]
2010-12-03 07:31:23 Warning: Warning (2): Invalid argument supplied for foreach() in [F:\Program Files\xampplite\htdocs\cakephp\app\views\posts\index.ctp, line 18]
2010-12-04 03:47:45 Warning: Warning (512): <span style="color:Red;text-align:left"><b>SQL Error:</b> 1054: Unknown column 'GroupRelation.group_id' in 'on clause'</span> in [F:\Program Files\xampplite\htdocs\cakephp\cake\libs\model\datasources\dbo_source.php, line 684]
2010-12-04 03:47:45 Warning: Warning (2): Invalid argument supplied for foreach() in [F:\Program Files\xampplite\htdocs\cakephp\app\views\group_relations\index.ctp, line 12]
2010-12-04 03:47:45 Warning: Warning (512): <span style="color:Red;text-align:left"><b>SQL Error:</b> 1054: Unknown column 'GroupRelation.group_id' in 'on clause'</span> in [F:\Program Files\xampplite\htdocs\cakephp\cake\libs\model\datasources\dbo_source.php, line 684]
2010-12-04 03:47:45 Warning: Warning (2): Invalid argument supplied for foreach() in [F:\Program Files\xampplite\htdocs\cakephp\app\views\group_relations\index.ctp, line 12]
2010-12-04 14:51:44 Warning: Warning (512): DbAcl::check() - Failed ARO/ACO node lookup in permissions check.  Node references:
Aro: root
Aco: controllers/Administrators/add in [F:\Program Files\xampplite\htdocs\cakephp\cake\libs\controller\components\acl.php, line 273]
2010-12-04 14:51:44 Warning: Warning (2): Cannot modify header information - headers already sent by (output started at F:\Program Files\xampplite\htdocs\cakephp\cake\libs\debugger.php:673) in [F:\Program Files\xampplite\htdocs\cakephp\cake\libs\controller\controller.php, line 746]
2010-12-04 15:52:32 Warning: Warning (512): DbAcl::check() - Failed ARO/ACO node lookup in permissions check.  Node references:
Aro: root
Aco: controllers/Administrators/add in [F:\Program Files\xampplite\htdocs\cakephp\cake\libs\controller\components\acl.php, line 273]
2010-12-04 15:52:32 Warning: Warning (2): Cannot modify header information - headers already sent by (output started at F:\Program Files\xampplite\htdocs\cakephp\cake\libs\debugger.php:673) in [F:\Program Files\xampplite\htdocs\cakephp\cake\libs\controller\controller.php, line 746]
2010-12-04 16:38:48 Warning: Warning (2): array_keys() expects parameter 1 to be array, null given in [F:\Program Files\xampplite\htdocs\cakephp\app\views\news\index.ctp, line 4]
2010-12-04 16:38:48 Warning: Warning (2): Invalid argument supplied for foreach() in [F:\Program Files\xampplite\htdocs\cakephp\cake\libs\view\helpers\html.php, line 644]
2010-12-04 16:38:48 Warning: Warning (2): Invalid argument supplied for foreach() in [F:\Program Files\xampplite\htdocs\cakephp\cake\libs\view\helpers\html.php, line 688]
2010-12-04 16:40:35 Warning: Warning (2): array_keys() expects parameter 1 to be array, null given in [F:\Program Files\xampplite\htdocs\cakephp\app\views\news\index.ctp, line 4]
2010-12-04 16:40:35 Warning: Warning (2): Invalid argument supplied for foreach() in [F:\Program Files\xampplite\htdocs\cakephp\cake\libs\view\helpers\html.php, line 644]
2010-12-04 16:40:35 Warning: Warning (2): Invalid argument supplied for foreach() in [F:\Program Files\xampplite\htdocs\cakephp\cake\libs\view\helpers\html.php, line 688]
2010-12-05 16:47:14 Warning: Warning (2): Missing argument 1 for AdministratorsController::isSuperAdministrator(), called in F:\Program Files\xampplite\htdocs\cakephp\app\controllers\administrators_controller.php on line 39 and defined in [F:\Program Files\xampplite\htdocs\cakephp\app\controllers\administrators_controller.php, line 45]
2010-12-05 16:47:14 Warning: Warning (2): Cannot modify header information - headers already sent by (output started at F:\Program Files\xampplite\htdocs\cakephp\cake\libs\debugger.php:673) in [F:\Program Files\xampplite\htdocs\cakephp\cake\libs\controller\controller.php, line 746]
2010-12-05 16:55:06 Warning: Warning (512): DbAcl::check() - Failed ARO/ACO node lookup in permissions check.  Node references:
Aro: Supers/firefox
Aco: controller/administrator/add in [F:\Program Files\xampplite\htdocs\cakephp\cake\libs\controller\components\acl.php, line 273]
2010-12-05 16:55:06 Warning: Warning (2): Cannot modify header information - headers already sent by (output started at F:\Program Files\xampplite\htdocs\cakephp\cake\libs\debugger.php:673) in [F:\Program Files\xampplite\htdocs\cakephp\cake\libs\controller\controller.php, line 746]
2010-12-05 17:00:39 Warning: Warning (512): DbAcl::check() - Failed ARO/ACO node lookup in permissions check.  Node references:
Aro: Supers/firefox
Aco: controller/administrator/add in [F:\Program Files\xampplite\htdocs\cakephp\cake\libs\controller\components\acl.php, line 273]
2010-12-05 17:00:39 Warning: Warning (2): Cannot modify header information - headers already sent by (output started at F:\Program Files\xampplite\htdocs\cakephp\cake\libs\debugger.php:673) in [F:\Program Files\xampplite\htdocs\cakephp\cake\libs\controller\controller.php, line 746]
2010-12-05 17:02:38 Warning: Warning (512): DbAcl::check() - Failed ARO/ACO node lookup in permissions check.  Node references:
Aro: Supers/firefox
Aco: controller/administrators/add in [F:\Program Files\xampplite\htdocs\cakephp\cake\libs\controller\components\acl.php, line 273]
2010-12-05 17:02:38 Warning: Warning (2): Cannot modify header information - headers already sent by (output started at F:\Program Files\xampplite\htdocs\cakephp\cake\libs\debugger.php:673) in [F:\Program Files\xampplite\htdocs\cakephp\cake\libs\controller\controller.php, line 746]
2010-12-06 08:43:12 Warning: Warning (512): <span style="color:Red;text-align:left"><b>SQL Error:</b> 1054: Unknown column 'News.3' in 'field list'</span> in [F:\Program Files\xampplite\htdocs\cakephp\cake\libs\model\datasources\dbo_source.php, line 684]
2010-12-06 08:43:12 Warning: Warning (512): <span style="color:Red;text-align:left"><b>SQL Error:</b> 1054: Unknown column 'News.3' in 'field list'</span> in [F:\Program Files\xampplite\htdocs\cakephp\cake\libs\model\datasources\dbo_source.php, line 684]
2010-12-06 08:45:16 Warning: Warning (512): <span style="color:Red;text-align:left"><b>SQL Error:</b> 1054: Unknown column 'News.3' in 'field list'</span> in [F:\Program Files\xampplite\htdocs\cakephp\cake\libs\model\datasources\dbo_source.php, line 684]
2010-12-06 09:56:06 Warning: Warning (2): array_keys() expects parameter 1 to be array, null given in [F:\Program Files\xampplite\htdocs\cakephp\app\views\news\index.ctp, line 4]
2010-12-06 09:56:06 Warning: Warning (2): Invalid argument supplied for foreach() in [F:\Program Files\xampplite\htdocs\cakephp\cake\libs\view\helpers\html.php, line 644]
2010-12-06 09:56:06 Warning: Warning (2): Invalid argument supplied for foreach() in [F:\Program Files\xampplite\htdocs\cakephp\app\views\news\index.ctp, line 6]
2010-12-06 10:01:22 Warning: Warning (2): array_push() expects parameter 1 to be array, null given in [F:\Program Files\xampplite\htdocs\cakephp\app\controllers\news_controller.php, line 44]
2010-12-06 10:01:22 Warning: Warning (2): array_keys() expects parameter 1 to be array, null given in [F:\Program Files\xampplite\htdocs\cakephp\app\views\news\index.ctp, line 4]
2010-12-06 10:01:22 Warning: Warning (2): Invalid argument supplied for foreach() in [F:\Program Files\xampplite\htdocs\cakephp\cake\libs\view\helpers\html.php, line 644]
2010-12-06 10:01:22 Warning: Warning (2): Invalid argument supplied for foreach() in [F:\Program Files\xampplite\htdocs\cakephp\app\views\news\index.ctp, line 6]
2010-12-06 10:02:00 Warning: Warning (2): array_push() expects parameter 1 to be array, null given in [F:\Program Files\xampplite\htdocs\cakephp\app\controllers\news_controller.php, line 44]
2010-12-06 10:02:00 Warning: Warning (2): array_keys() expects parameter 1 to be array, null given in [F:\Program Files\xampplite\htdocs\cakephp\app\views\news\index.ctp, line 4]
2010-12-06 10:02:00 Warning: Warning (2): Invalid argument supplied for foreach() in [F:\Program Files\xampplite\htdocs\cakephp\cake\libs\view\helpers\html.php, line 644]
2010-12-06 10:02:00 Warning: Warning (2): Invalid argument supplied for foreach() in [F:\Program Files\xampplite\htdocs\cakephp\app\views\news\index.ctp, line 6]
2010-12-06 10:02:40 Warning: Warning (2): array_push() expects parameter 1 to be array, null given in [F:\Program Files\xampplite\htdocs\cakephp\app\controllers\news_controller.php, line 44]
2010-12-06 10:02:40 Warning: Warning (2): array_keys() expects parameter 1 to be array, null given in [F:\Program Files\xampplite\htdocs\cakephp\app\views\news\index.ctp, line 4]
2010-12-06 10:02:40 Warning: Warning (2): Invalid argument supplied for foreach() in [F:\Program Files\xampplite\htdocs\cakephp\cake\libs\view\helpers\html.php, line 644]
2010-12-06 10:02:40 Warning: Warning (2): Invalid argument supplied for foreach() in [F:\Program Files\xampplite\htdocs\cakephp\app\views\news\index.ctp, line 6]
2010-12-06 10:04:35 Warning: Warning (2): array_keys() expects parameter 1 to be array, null given in [F:\Program Files\xampplite\htdocs\cakephp\app\views\news\index.ctp, line 4]
2010-12-06 10:04:35 Warning: Warning (2): Invalid argument supplied for foreach() in [F:\Program Files\xampplite\htdocs\cakephp\cake\libs\view\helpers\html.php, line 644]
2010-12-06 10:04:35 Warning: Warning (2): Invalid argument supplied for foreach() in [F:\Program Files\xampplite\htdocs\cakephp\app\views\news\index.ctp, line 6]
2010-12-06 10:12:26 Warning: Warning (2): array_keys() expects parameter 1 to be array, null given in [F:\Program Files\xampplite\htdocs\cakephp\app\views\news\index.ctp, line 4]
2010-12-06 10:12:26 Warning: Warning (2): Invalid argument supplied for foreach() in [F:\Program Files\xampplite\htdocs\cakephp\cake\libs\view\helpers\html.php, line 644]
2010-12-06 10:12:26 Warning: Warning (2): Invalid argument supplied for foreach() in [F:\Program Files\xampplite\htdocs\cakephp\app\views\news\index.ctp, line 6]
2010-12-06 10:15:29 Warning: Warning (2): array_keys() expects parameter 1 to be array, null given in [F:\Program Files\xampplite\htdocs\cakephp\app\views\news\index.ctp, line 4]
2010-12-06 10:15:29 Warning: Warning (2): Invalid argument supplied for foreach() in [F:\Program Files\xampplite\htdocs\cakephp\cake\libs\view\helpers\html.php, line 644]
2010-12-06 10:15:29 Warning: Warning (2): Invalid argument supplied for foreach() in [F:\Program Files\xampplite\htdocs\cakephp\cake\libs\view\helpers\html.php, line 688]
2010-12-06 10:16:11 Warning: Warning (2): array_keys() expects parameter 1 to be array, null given in [F:\Program Files\xampplite\htdocs\cakephp\app\views\news\index.ctp, line 4]
2010-12-06 10:16:11 Warning: Warning (2): Invalid argument supplied for foreach() in [F:\Program Files\xampplite\htdocs\cakephp\cake\libs\view\helpers\html.php, line 644]
2010-12-06 10:16:11 Warning: Warning (2): Invalid argument supplied for foreach() in [F:\Program Files\xampplite\htdocs\cakephp\app\views\news\index.ctp, line 6]
2010-12-06 10:26:11 Warning: Warning (2): array_keys() expects parameter 1 to be array, null given in [F:\Program Files\xampplite\htdocs\cakephp\app\views\news\index.ctp, line 4]
2010-12-06 10:26:11 Warning: Warning (2): Invalid argument supplied for foreach() in [F:\Program Files\xampplite\htdocs\cakephp\cake\libs\view\helpers\html.php, line 644]
2010-12-06 10:26:11 Warning: Warning (2): Invalid argument supplied for foreach() in [F:\Program Files\xampplite\htdocs\cakephp\app\views\news\index.ctp, line 6]
2010-12-06 10:26:59 Warning: Warning (2): array_push() expects parameter 1 to be array, null given in [F:\Program Files\xampplite\htdocs\cakephp\app\controllers\news_controller.php, line 45]
2010-12-06 10:26:59 Warning: Warning (2): array_keys() expects parameter 1 to be array, null given in [F:\Program Files\xampplite\htdocs\cakephp\app\views\news\index.ctp, line 4]
2010-12-06 10:26:59 Warning: Warning (2): Invalid argument supplied for foreach() in [F:\Program Files\xampplite\htdocs\cakephp\cake\libs\view\helpers\html.php, line 644]
2010-12-06 10:26:59 Warning: Warning (2): Invalid argument supplied for foreach() in [F:\Program Files\xampplite\htdocs\cakephp\app\views\news\index.ctp, line 6]
2010-12-06 10:31:27 Warning: Warning (2): array_push() expects parameter 1 to be array, null given in [F:\Program Files\xampplite\htdocs\cakephp\app\controllers\news_controller.php, line 45]
2010-12-06 10:31:27 Warning: Warning (2): array_keys() expects parameter 1 to be array, null given in [F:\Program Files\xampplite\htdocs\cakephp\app\views\news\index.ctp, line 4]
2010-12-06 10:31:27 Warning: Warning (2): Invalid argument supplied for foreach() in [F:\Program Files\xampplite\htdocs\cakephp\cake\libs\view\helpers\html.php, line 644]
2010-12-06 10:31:27 Warning: Warning (2): Invalid argument supplied for foreach() in [F:\Program Files\xampplite\htdocs\cakephp\app\views\news\index.ctp, line 6]
2010-12-06 10:33:14 Warning: Warning (2): array_push() expects parameter 1 to be array, null given in [F:\Program Files\xampplite\htdocs\cakephp\app\controllers\news_controller.php, line 45]
2010-12-06 10:33:25 Warning: Warning (2): array_push() expects parameter 1 to be array, null given in [F:\Program Files\xampplite\htdocs\cakephp\app\controllers\news_controller.php, line 45]
2010-12-06 10:34:03 Warning: Warning (2): array_push() expects parameter 1 to be array, null given in [F:\Program Files\xampplite\htdocs\cakephp\app\controllers\news_controller.php, line 45]
2010-12-06 11:52:19 Warning: Warning (512): <span style="color:Red;text-align:left"><b>SQL Error:</b> 1052: Column 'id' in where clause is ambiguous</span> in [F:\Program Files\xampplite\htdocs\cakephp\cake\libs\model\datasources\dbo_source.php, line 684]
2010-12-06 11:52:19 Warning: Warning (2): Invalid argument supplied for foreach() in [F:\Program Files\xampplite\htdocs\cakephp\app\views\news\index.ctp, line 14]
2010-12-06 12:30:43 Warning: Warning (2): Invalid argument supplied for foreach() in [F:\Program Files\xampplite\htdocs\cakephp\app\views\news\index.ctp, line 14]
2010-12-06 12:32:56 Warning: Warning (2): Invalid argument supplied for foreach() in [F:\Program Files\xampplite\htdocs\cakephp\app\views\news\index.ctp, line 14]
2010-12-06 12:36:47 Warning: Warning (512): <span style="color:Red;text-align:left"><b>SQL Error:</b> 1054: Unknown column 'recursive' in 'where clause'</span> in [F:\Program Files\xampplite\htdocs\cakephp\cake\libs\model\datasources\dbo_source.php, line 684]
2010-12-06 12:38:16 Warning: Warning (512): <span style="color:Red;text-align:left"><b>SQL Error:</b> 1064: You have an error in your SQL syntax; check the manual that corresponds to your MySQL server version for the right syntax to use near 'condition = ('3') AND `recursive` = -1' at line 1</span> in [F:\Program Files\xampplite\htdocs\cakephp\cake\libs\model\datasources\dbo_source.php, line 684]
2010-12-06 12:38:16 Warning: Warning (512): <span style="color:Red;text-align:left"><b>SQL Error:</b> 1064: You have an error in your SQL syntax; check the manual that corresponds to your MySQL server version for the right syntax to use near 'condition = ('3') AND `recursive` = -1   ORDER BY `News`.`text` desc  LIMIT 20' at line 1</span> in [F:\Program Files\xampplite\htdocs\cakephp\cake\libs\model\datasources\dbo_source.php, line 684]
2010-12-06 12:38:36 Warning: Warning (512): <span style="color:Red;text-align:left"><b>SQL Error:</b> 1064: You have an error in your SQL syntax; check the manual that corresponds to your MySQL server version for the right syntax to use near 'condition = ('3')' at line 1</span> in [F:\Program Files\xampplite\htdocs\cakephp\cake\libs\model\datasources\dbo_source.php, line 684]
2010-12-06 12:38:36 Warning: Warning (512): <span style="color:Red;text-align:left"><b>SQL Error:</b> 1064: You have an error in your SQL syntax; check the manual that corresponds to your MySQL server version for the right syntax to use near 'condition = ('3')   ORDER BY `News`.`text` desc  LIMIT 20' at line 1</span> in [F:\Program Files\xampplite\htdocs\cakephp\cake\libs\model\datasources\dbo_source.php, line 684]
2010-12-06 12:39:38 Warning: Warning (512): <span style="color:Red;text-align:left"><b>SQL Error:</b> 1064: You have an error in your SQL syntax; check the manual that corresponds to your MySQL server version for the right syntax to use near 'condition = ('3')' at line 1</span> in [F:\Program Files\xampplite\htdocs\cakephp\cake\libs\model\datasources\dbo_source.php, line 684]
2010-12-06 12:39:39 Warning: Warning (512): <span style="color:Red;text-align:left"><b>SQL Error:</b> 1064: You have an error in your SQL syntax; check the manual that corresponds to your MySQL server version for the right syntax to use near 'condition = ('3')   ORDER BY `News`.`text` desc  LIMIT 20' at line 1</span> in [F:\Program Files\xampplite\htdocs\cakephp\cake\libs\model\datasources\dbo_source.php, line 684]
2010-12-07 07:49:47 Warning: Warning (2): Invalid argument supplied for foreach() in [F:\Program Files\xampplite\htdocs\cakephp\app\views\news\index.ctp, line 14]
2010-12-07 15:50:10 Warning: Warning (512): <span style="color:Red;text-align:left"><b>SQL Error:</b> 1054: Unknown column 'Administrator.-1' in 'field list'</span> in [F:\Program Files\xampplite\htdocs\cakephp\cake\libs\model\datasources\dbo_source.php, line 684]
2010-12-07 15:53:33 Warning: Warning (512): <span style="color:Red;text-align:left"><b>SQL Error:</b> 1054: Unknown column 'Administrator.-1' in 'field list'</span> in [F:\Program Files\xampplite\htdocs\cakephp\cake\libs\model\datasources\dbo_source.php, line 684]
2010-12-07 16:04:35 Warning: Warning (2): Cannot modify header information - headers already sent by (output started at F:\Program Files\xampplite\htdocs\cakephp\cake\libs\debugger.php:673) in [F:\Program Files\xampplite\htdocs\cakephp\cake\libs\controller\controller.php, line 746]
2010-12-07 16:04:41 Warning: Warning (2): Cannot modify header information - headers already sent by (output started at F:\Program Files\xampplite\htdocs\cakephp\cake\libs\debugger.php:673) in [F:\Program Files\xampplite\htdocs\cakephp\cake\libs\controller\controller.php, line 746]
2010-12-07 16:12:25 Warning: Warning (2): Cannot modify header information - headers already sent by (output started at F:\Program Files\xampplite\htdocs\cakephp\cake\libs\debugger.php:673) in [F:\Program Files\xampplite\htdocs\cakephp\cake\libs\controller\controller.php, line 746]
